The system is: Windows - 10.0.19045 - AMD64
Compiling the CXX compiler identification source file "CMakeCXXCompilerId.cpp" succeeded.
Compiler:  
Build flags: 
Id flags:  

The output was:
0
MSBuild version 17.4.1+9a89d02ff for .NET Framework
Compilação de 11/06/2023 13:08:13 iniciada.
Projeto "C:\Users\Sandro\Documents\GitHub\hebi-app\build\CMakeFiles\3.24.202208181-MSVC_2\CompilerIdCXX\CompilerIdCXX.vcxproj" no nó 1 (destinos padrão).
PrepareForBuild:
  Criando o diretório "Debug\".
  Criando o diretório "Debug\CompilerIdCXX.tlog\".
InitializeBuildStatus:
  Criando "Debug\CompilerIdCXX.tlog\unsuccessfulbuild" porque "AlwaysCreate" foi especificado.
ClCompile:
  E:\editorvisualstudio\VC\Tools\MSVC\14.34.31933\bin\HostX86\x64\CL.exe /c /nologo /W0 /WX- /diagnostics:column /Od /D _MBCS /Gm- /EHsc /RTC1 /MDd /GS /fp:precise /Zc:wchar_t /Zc:forScope /Zc:inline /Fo"Debug\\" /Fd"Debug\vc143.pdb" /external:W0 /Gd /TP /FC /errorReport:queue CMakeCXXCompilerId.cpp
  CMakeCXXCompilerId.cpp
Link:
  E:\editorvisualstudio\VC\Tools\MSVC\14.34.31933\bin\HostX86\x64\link.exe /ERRORREPORT:QUEUE /OUT:".\CompilerIdCXX.exe" /INCREMENTAL:NO /NOLOGO kernel32.lib user32.lib gdi32.lib winspool.lib comdlg32.lib advapi32.lib shell32.lib ole32.lib oleaut32.lib uuid.lib odbc32.lib odbccp32.lib /MANIFEST /MANIFESTUAC:"level='asInvoker' uiAccess='false'" /manifest:embed /PDB:".\CompilerIdCXX.pdb" /SUBSYSTEM:CONSOLE /TLBID:1 /DYNAMICBASE /NXCOMPAT /IMPLIB:".\CompilerIdCXX.lib" /MACHINE:X64 Debug\CMakeCXXCompilerId.obj
  CompilerIdCXX.vcxproj -> C:\Users\Sandro\Documents\GitHub\hebi-app\build\CMakeFiles\3.24.202208181-MSVC_2\CompilerIdCXX\CompilerIdCXX.exe
PostBuildEvent:
  for %%i in (cl.exe) do @echo CMAKE_CXX_COMPILER=%%~$PATH:i
  :VCEnd
  CMAKE_CXX_COMPILER=E:\editorvisualstudio\VC\Tools\MSVC\14.34.31933\bin\Hostx86\x64\cl.exe
FinalizeBuildStatus:
  Excluindo o arquivo "Debug\CompilerIdCXX.tlog\unsuccessfulbuild".
  Tocando "Debug\CompilerIdCXX.tlog\CompilerIdCXX.lastbuildstate".
Projeto de compilação pronto "C:\Users\Sandro\Documents\GitHub\hebi-app\build\CMakeFiles\3.24.202208181-MSVC_2\CompilerIdCXX\CompilerIdCXX.vcxproj" (destinos padrão).

Compilação com êxito.
    0 Aviso(s)
    0 Erro(s)

Tempo Decorrido 00:00:02.02


Compilation of the CXX compiler identification source "CMakeCXXCompilerId.cpp" produced "CompilerIdCXX.exe"

Compilation of the CXX compiler identification source "CMakeCXXCompilerId.cpp" produced "CompilerIdCXX.vcxproj"

The CXX compiler identification is MSVC, found in "C:/Users/Sandro/Documents/GitHub/hebi-app/build/CMakeFiles/3.24.202208181-MSVC_2/CompilerIdCXX/CompilerIdCXX.exe"

Detecting CXX compiler ABI info compiled with the following output:
Change Dir: C:/Users/Sandro/Documents/GitHub/hebi-app/build/CMakeFiles/CMakeTmp

Run Build Command(s):E:/editorvisualstudio/MSBuild/Current/Bin/amd64/MSBuild.exe cmTC_937e3.vcxproj /p:Configuration=Debug /p:Platform=x64 /p:VisualStudioVersion=17.0 /v:m && MSBuild version 17.4.1+9a89d02ff for .NET Framework
  Microsoft (R) C/C++ Optimizing Compiler Versão 19.34.31937 para x64
  CMakeCXXCompilerABI.cpp
  Copyright (C) Microsoft Corporation. Todos os direitos reservados.
  cl /c /Zi /W3 /WX- /diagnostics:column /Od /Ob0 /D _MBCS /D WIN32 /D _WINDOWS /D "CMAKE_INTDIR=\"Debug\"" /Gm- /EHsc /RTC1 /MDd /GS /fp:precise /Zc:wchar_t /Zc:forScope /Zc:inline /GR /Fo"cmTC_937e3.dir\Debug\\" /Fd"cmTC_937e3.dir\Debug\vc143.pdb" /external:W3 /Gd /TP /errorReport:queue "E:\editorvisualstudio\Common7\IDE\CommonExtensions\Microsoft\CMake\CMake\share\cmake-3.24\Modules\CMakeCXXCompilerABI.cpp"
  cmTC_937e3.vcxproj -> C:\Users\Sandro\Documents\GitHub\hebi-app\build\CMakeFiles\CMakeTmp\Debug\cmTC_937e3.exe



